<?xml version="1.0" encoding="UTF-8"?>
<!-- Generated by org.testng.reporters.JUnitXMLReporter -->
<testsuite hostname="LAPTOP-BMDAD4Q2" ignored="2" name="Default test" tests="1" failures="0" timestamp="2023-05-25T15:53:14 IST" time="59.672" errors="0">
  <testcase name="tc003" time="43.535" classname="testCases.Open_navigate_TestCase"/>
  <testcase name="tc002" time="0.0" classname="testCases.Open_navigate_TestCase">
    <ignored/>
  </testcase> <!-- tc002 -->
  <testcase name="tc001" time="0.0" classname="testCases.Open_navigate_TestCase">
    <ignored/>
  </testcase> <!-- tc001 -->
</testsuite> <!-- Default test -->
